2021-12-06 16:31:59,124 WARN  [SoapUI] Missing folder [C:\Users\formation\Documents\SquashTA-1.10.0-RELEASE-workspace\MyFirstProject\ext] for external libraries
2021-12-06 16:31:59,335 INFO  [DefaultSoapUICore] initialized soapui-settings from [C:\Users\formation\soapui-settings.xml]
2021-12-06 16:32:01,531 INFO  [PluginManager] Adding plugin from [C:\Users\formation\.soapuios\plugins\ready-mqtt-plugin-dist.jar]
2021-12-06 16:32:01,531 INFO  [PluginManager] Adding plugin from [C:\Users\formation\.soapuios\plugins\soapui-swagger-plugin-2.2-dist.jar]
2021-12-06 16:32:02,117 ERROR [SoapUI] An error occurred [com.eviware.soapui.plugins.auto.factories.AutoDiscoveryMethodFactory], see error log for details
2021-12-06 16:32:02,118 ERROR [errorlog] java.lang.ClassNotFoundException: com.eviware.soapui.plugins.auto.factories.AutoDiscoveryMethodFactory
java.lang.ClassNotFoundException: com.eviware.soapui.plugins.auto.factories.AutoDiscoveryMethodFactory
	at java.net.URLClassLoader.findClass(Unknown Source)
	at java.lang.ClassLoader.loadClass(Unknown Source)
	at sun.misc.Launcher$AppClassLoader.loadClass(Unknown Source)
	at java.lang.ClassLoader.loadClass(Unknown Source)
	at java.lang.Class.forName0(Native Method)
	at java.lang.Class.forName(Unknown Source)
	at com.eviware.soapui.plugins.LoaderBase.loadAutoFactories(LoaderBase.java:113)
	at com.eviware.soapui.plugins.LoaderBase.loadFactories(LoaderBase.java:80)
	at com.eviware.soapui.plugins.PluginLoader.loadPluginFactories(PluginLoader.java:141)
	at com.eviware.soapui.plugins.PluginLoader.loadPlugin(PluginLoader.java:104)
	at com.eviware.soapui.plugins.PluginLoader.loadPlugin(PluginLoader.java:54)
	at com.eviware.soapui.plugins.PluginManager.doInstallPlugin(PluginManager.java:141)
	at com.eviware.soapui.plugins.PluginManager.access$600(PluginManager.java:43)
	at com.eviware.soapui.plugins.PluginManager$LoadPluginsTask.computeSequentially(PluginManager.java:420)
	at com.eviware.soapui.plugins.PluginManager$LoadPluginsTask.compute(PluginManager.java:377)
	at com.eviware.soapui.plugins.PluginManager$LoadPluginsTask.compute(PluginManager.java:382)
	at com.eviware.soapui.plugins.PluginManager$LoadPluginsTask.compute(PluginManager.java:365)
	at java.util.concurrent.RecursiveTask.exec(Unknown Source)
	at java.util.concurrent.ForkJoinTask.doExec(Unknown Source)
	at java.util.concurrent.ForkJoinPool$WorkQueue.runTask(Unknown Source)
	at java.util.concurrent.ForkJoinPool.runWorker(Unknown Source)
	at java.util.concurrent.ForkJoinWorkerThread.run(Unknown Source)
2021-12-06 16:32:02,131 ERROR [SoapUI] An error occurred [com.eviware.soapui.plugins.auto.factories.AutoImportMethodFactory], see error log for details
2021-12-06 16:32:02,131 ERROR [errorlog] java.lang.ClassNotFoundException: com.eviware.soapui.plugins.auto.factories.AutoImportMethodFactory
java.lang.ClassNotFoundException: com.eviware.soapui.plugins.auto.factories.AutoImportMethodFactory
	at java.net.URLClassLoader.findClass(Unknown Source)
	at java.lang.ClassLoader.loadClass(Unknown Source)
	at sun.misc.Launcher$AppClassLoader.loadClass(Unknown Source)
	at java.lang.ClassLoader.loadClass(Unknown Source)
	at java.lang.Class.forName0(Native Method)
	at java.lang.Class.forName(Unknown Source)
	at com.eviware.soapui.plugins.LoaderBase.loadAutoFactories(LoaderBase.java:113)
	at com.eviware.soapui.plugins.LoaderBase.loadFactories(LoaderBase.java:80)
	at com.eviware.soapui.plugins.PluginLoader.loadPluginFactories(PluginLoader.java:141)
	at com.eviware.soapui.plugins.PluginLoader.loadPlugin(PluginLoader.java:104)
	at com.eviware.soapui.plugins.PluginLoader.loadPlugin(PluginLoader.java:54)
	at com.eviware.soapui.plugins.PluginManager.doInstallPlugin(PluginManager.java:141)
	at com.eviware.soapui.plugins.PluginManager.access$600(PluginManager.java:43)
	at com.eviware.soapui.plugins.PluginManager$LoadPluginsTask.computeSequentially(PluginManager.java:420)
	at com.eviware.soapui.plugins.PluginManager$LoadPluginsTask.compute(PluginManager.java:377)
	at com.eviware.soapui.plugins.PluginManager$LoadPluginsTask.compute(PluginManager.java:382)
	at com.eviware.soapui.plugins.PluginManager$LoadPluginsTask.compute(PluginManager.java:365)
	at java.util.concurrent.RecursiveTask.exec(Unknown Source)
	at java.util.concurrent.ForkJoinTask.doExec(Unknown Source)
	at java.util.concurrent.ForkJoinPool$WorkQueue.runTask(Unknown Source)
	at java.util.concurrent.ForkJoinPool.runWorker(Unknown Source)
	at java.util.concurrent.ForkJoinWorkerThread.run(Unknown Source)
2021-12-06 16:32:02,134 INFO  [PluginManager] Adding plugin from [C:\Users\formation\.soapuios\plugins\ready-uxm-plugin-1.0.1-dist.jar]
2021-12-06 16:32:02,736 ERROR [SoapUI] An error occurred [com.eviware.soapui.plugins.auto.factories.AutoDiscoveryMethodFactory], see error log for details
2021-12-06 16:32:02,736 ERROR [errorlog] java.lang.ClassNotFoundException: com.eviware.soapui.plugins.auto.factories.AutoDiscoveryMethodFactory
java.lang.ClassNotFoundException: com.eviware.soapui.plugins.auto.factories.AutoDiscoveryMethodFactory
	at java.net.URLClassLoader.findClass(Unknown Source)
	at java.lang.ClassLoader.loadClass(Unknown Source)
	at sun.misc.Launcher$AppClassLoader.loadClass(Unknown Source)
	at java.lang.ClassLoader.loadClass(Unknown Source)
	at java.lang.Class.forName0(Native Method)
	at java.lang.Class.forName(Unknown Source)
	at com.eviware.soapui.plugins.LoaderBase.loadAutoFactories(LoaderBase.java:113)
	at com.eviware.soapui.plugins.LoaderBase.loadFactories(LoaderBase.java:80)
	at com.eviware.soapui.plugins.PluginLoader.loadPluginFactories(PluginLoader.java:141)
	at com.eviware.soapui.plugins.PluginLoader.loadPlugin(PluginLoader.java:104)
	at com.eviware.soapui.plugins.PluginLoader.loadPlugin(PluginLoader.java:54)
	at com.eviware.soapui.plugins.PluginManager.doInstallPlugin(PluginManager.java:141)
	at com.eviware.soapui.plugins.PluginManager.access$600(PluginManager.java:43)
	at com.eviware.soapui.plugins.PluginManager$LoadPluginsTask.computeSequentially(PluginManager.java:420)
	at com.eviware.soapui.plugins.PluginManager$LoadPluginsTask.compute(PluginManager.java:377)
	at com.eviware.soapui.plugins.PluginManager$LoadPluginsTask.compute(PluginManager.java:382)
	at com.eviware.soapui.plugins.PluginManager$LoadPluginsTask.compute(PluginManager.java:365)
	at java.util.concurrent.RecursiveTask.exec(Unknown Source)
	at java.util.concurrent.ForkJoinTask.doExec(Unknown Source)
	at java.util.concurrent.ForkJoinPool$WorkQueue.runTask(Unknown Source)
	at java.util.concurrent.ForkJoinPool.runWorker(Unknown Source)
	at java.util.concurrent.ForkJoinWorkerThread.run(Unknown Source)
2021-12-06 16:32:02,740 ERROR [SoapUI] An error occurred [com.eviware.soapui.plugins.auto.factories.AutoImportMethodFactory], see error log for details
2021-12-06 16:32:02,740 ERROR [SoapUI] An error occurred [com.eviware.soapui.plugins.auto.factories.AutoDiscoveryMethodFactory], see error log for details
2021-12-06 16:32:02,740 ERROR [errorlog] java.lang.ClassNotFoundException: com.eviware.soapui.plugins.auto.factories.AutoDiscoveryMethodFactory
java.lang.ClassNotFoundException: com.eviware.soapui.plugins.auto.factories.AutoDiscoveryMethodFactory
	at java.net.URLClassLoader.findClass(Unknown Source)
	at java.lang.ClassLoader.loadClass(Unknown Source)
	at sun.misc.Launcher$AppClassLoader.loadClass(Unknown Source)
	at java.lang.ClassLoader.loadClass(Unknown Source)
	at java.lang.Class.forName0(Native Method)
	at java.lang.Class.forName(Unknown Source)
	at com.eviware.soapui.plugins.LoaderBase.loadAutoFactories(LoaderBase.java:113)
	at com.eviware.soapui.plugins.LoaderBase.loadFactories(LoaderBase.java:80)
	at com.eviware.soapui.plugins.PluginLoader.loadPluginFactories(PluginLoader.java:141)
	at com.eviware.soapui.plugins.PluginLoader.loadPlugin(PluginLoader.java:104)
	at com.eviware.soapui.plugins.PluginLoader.loadPlugin(PluginLoader.java:54)
	at com.eviware.soapui.plugins.PluginManager.doInstallPlugin(PluginManager.java:141)
	at com.eviware.soapui.plugins.PluginManager.access$600(PluginManager.java:43)
	at com.eviware.soapui.plugins.PluginManager$LoadPluginsTask.computeSequentially(PluginManager.java:420)
	at com.eviware.soapui.plugins.PluginManager$LoadPluginsTask.compute(PluginManager.java:377)
	at com.eviware.soapui.plugins.PluginManager$LoadPluginsTask.compute(PluginManager.java:365)
	at java.util.concurrent.RecursiveTask.exec(Unknown Source)
	at java.util.concurrent.ForkJoinTask.doExec(Unknown Source)
	at java.util.concurrent.ForkJoinPool$WorkQueue.runTask(Unknown Source)
	at java.util.concurrent.ForkJoinPool.runWorker(Unknown Source)
	at java.util.concurrent.ForkJoinWorkerThread.run(Unknown Source)
2021-12-06 16:32:02,741 ERROR [SoapUI] An error occurred [com.eviware.soapui.plugins.auto.factories.AutoImportMethodFactory], see error log for details
2021-12-06 16:32:02,741 ERROR [errorlog] java.lang.ClassNotFoundException: com.eviware.soapui.plugins.auto.factories.AutoImportMethodFactory
java.lang.ClassNotFoundException: com.eviware.soapui.plugins.auto.factories.AutoImportMethodFactory
	at java.net.URLClassLoader.findClass(Unknown Source)
	at java.lang.ClassLoader.loadClass(Unknown Source)
	at sun.misc.Launcher$AppClassLoader.loadClass(Unknown Source)
	at java.lang.ClassLoader.loadClass(Unknown Source)
	at java.lang.Class.forName0(Native Method)
	at java.lang.Class.forName(Unknown Source)
	at com.eviware.soapui.plugins.LoaderBase.loadAutoFactories(LoaderBase.java:113)
	at com.eviware.soapui.plugins.LoaderBase.loadFactories(LoaderBase.java:80)
	at com.eviware.soapui.plugins.PluginLoader.loadPluginFactories(PluginLoader.java:141)
	at com.eviware.soapui.plugins.PluginLoader.loadPlugin(PluginLoader.java:104)
	at com.eviware.soapui.plugins.PluginLoader.loadPlugin(PluginLoader.java:54)
	at com.eviware.soapui.plugins.PluginManager.doInstallPlugin(PluginManager.java:141)
	at com.eviware.soapui.plugins.PluginManager.access$600(PluginManager.java:43)
	at com.eviware.soapui.plugins.PluginManager$LoadPluginsTask.computeSequentially(PluginManager.java:420)
	at com.eviware.soapui.plugins.PluginManager$LoadPluginsTask.compute(PluginManager.java:377)
	at com.eviware.soapui.plugins.PluginManager$LoadPluginsTask.compute(PluginManager.java:365)
	at java.util.concurrent.RecursiveTask.exec(Unknown Source)
	at java.util.concurrent.ForkJoinTask.doExec(Unknown Source)
	at java.util.concurrent.ForkJoinPool$WorkQueue.runTask(Unknown Source)
	at java.util.concurrent.ForkJoinPool.runWorker(Unknown Source)
	at java.util.concurrent.ForkJoinWorkerThread.run(Unknown Source)
2021-12-06 16:32:02,743 ERROR [errorlog] java.lang.ClassNotFoundException: com.eviware.soapui.plugins.auto.factories.AutoImportMethodFactory
java.lang.ClassNotFoundException: com.eviware.soapui.plugins.auto.factories.AutoImportMethodFactory
	at java.net.URLClassLoader.findClass(Unknown Source)
	at java.lang.ClassLoader.loadClass(Unknown Source)
	at sun.misc.Launcher$AppClassLoader.loadClass(Unknown Source)
	at java.lang.ClassLoader.loadClass(Unknown Source)
	at java.lang.Class.forName0(Native Method)
	at java.lang.Class.forName(Unknown Source)
	at com.eviware.soapui.plugins.LoaderBase.loadAutoFactories(LoaderBase.java:113)
	at com.eviware.soapui.plugins.LoaderBase.loadFactories(LoaderBase.java:80)
	at com.eviware.soapui.plugins.PluginLoader.loadPluginFactories(PluginLoader.java:141)
	at com.eviware.soapui.plugins.PluginLoader.loadPlugin(PluginLoader.java:104)
	at com.eviware.soapui.plugins.PluginLoader.loadPlugin(PluginLoader.java:54)
	at com.eviware.soapui.plugins.PluginManager.doInstallPlugin(PluginManager.java:141)
	at com.eviware.soapui.plugins.PluginManager.access$600(PluginManager.java:43)
	at com.eviware.soapui.plugins.PluginManager$LoadPluginsTask.computeSequentially(PluginManager.java:420)
	at com.eviware.soapui.plugins.PluginManager$LoadPluginsTask.compute(PluginManager.java:377)
	at com.eviware.soapui.plugins.PluginManager$LoadPluginsTask.compute(PluginManager.java:382)
	at com.eviware.soapui.plugins.PluginManager$LoadPluginsTask.compute(PluginManager.java:365)
	at java.util.concurrent.RecursiveTask.exec(Unknown Source)
	at java.util.concurrent.ForkJoinTask.doExec(Unknown Source)
	at java.util.concurrent.ForkJoinPool$WorkQueue.runTask(Unknown Source)
	at java.util.concurrent.ForkJoinPool.runWorker(Unknown Source)
	at java.util.concurrent.ForkJoinWorkerThread.run(Unknown Source)
2021-12-06 16:32:02,752 INFO  [PluginManager] Adding plugin from [C:\Users\formation\.soapuios\plugins\readyapi-swaggerhub-plugin-1.0.jar]
2021-12-06 16:32:02,753 INFO  [PluginManager] Adding plugin from [C:\Users\formation\.soapuios\plugins\readyapi-postman-1.0.1.jar]
2021-12-06 16:32:03,283 ERROR [SoapUI] An error occurred [com.eviware.soapui.plugins.auto.factories.AutoDiscoveryMethodFactory], see error log for details
2021-12-06 16:32:03,284 ERROR [errorlog] java.lang.ClassNotFoundException: com.eviware.soapui.plugins.auto.factories.AutoDiscoveryMethodFactory
java.lang.ClassNotFoundException: com.eviware.soapui.plugins.auto.factories.AutoDiscoveryMethodFactory
	at java.net.URLClassLoader.findClass(Unknown Source)
	at java.lang.ClassLoader.loadClass(Unknown Source)
	at sun.misc.Launcher$AppClassLoader.loadClass(Unknown Source)
	at java.lang.ClassLoader.loadClass(Unknown Source)
	at java.lang.Class.forName0(Native Method)
	at java.lang.Class.forName(Unknown Source)
	at com.eviware.soapui.plugins.LoaderBase.loadAutoFactories(LoaderBase.java:113)
	at com.eviware.soapui.plugins.LoaderBase.loadFactories(LoaderBase.java:80)
	at com.eviware.soapui.plugins.PluginLoader.loadPluginFactories(PluginLoader.java:141)
	at com.eviware.soapui.plugins.PluginLoader.loadPlugin(PluginLoader.java:104)
	at com.eviware.soapui.plugins.PluginLoader.loadPlugin(PluginLoader.java:54)
	at com.eviware.soapui.plugins.PluginManager.doInstallPlugin(PluginManager.java:141)
	at com.eviware.soapui.plugins.PluginManager.access$600(PluginManager.java:43)
	at com.eviware.soapui.plugins.PluginManager$LoadPluginsTask.computeSequentially(PluginManager.java:420)
	at com.eviware.soapui.plugins.PluginManager$LoadPluginsTask.compute(PluginManager.java:377)
	at com.eviware.soapui.plugins.PluginManager$LoadPluginsTask.compute(PluginManager.java:382)
	at com.eviware.soapui.plugins.PluginManager$LoadPluginsTask.compute(PluginManager.java:365)
	at java.util.concurrent.RecursiveTask.exec(Unknown Source)
	at java.util.concurrent.ForkJoinTask.doExec(Unknown Source)
	at java.util.concurrent.ForkJoinPool$WorkQueue.runTask(Unknown Source)
	at java.util.concurrent.ForkJoinPool.runWorker(Unknown Source)
	at java.util.concurrent.ForkJoinWorkerThread.run(Unknown Source)
2021-12-06 16:32:03,285 ERROR [SoapUI] An error occurred [com.eviware.soapui.plugins.auto.factories.AutoImportMethodFactory], see error log for details
2021-12-06 16:32:03,285 ERROR [errorlog] java.lang.ClassNotFoundException: com.eviware.soapui.plugins.auto.factories.AutoImportMethodFactory
java.lang.ClassNotFoundException: com.eviware.soapui.plugins.auto.factories.AutoImportMethodFactory
	at java.net.URLClassLoader.findClass(Unknown Source)
	at java.lang.ClassLoader.loadClass(Unknown Source)
	at sun.misc.Launcher$AppClassLoader.loadClass(Unknown Source)
	at java.lang.ClassLoader.loadClass(Unknown Source)
	at java.lang.Class.forName0(Native Method)
	at java.lang.Class.forName(Unknown Source)
	at com.eviware.soapui.plugins.LoaderBase.loadAutoFactories(LoaderBase.java:113)
	at com.eviware.soapui.plugins.LoaderBase.loadFactories(LoaderBase.java:80)
	at com.eviware.soapui.plugins.PluginLoader.loadPluginFactories(PluginLoader.java:141)
	at com.eviware.soapui.plugins.PluginLoader.loadPlugin(PluginLoader.java:104)
	at com.eviware.soapui.plugins.PluginLoader.loadPlugin(PluginLoader.java:54)
	at com.eviware.soapui.plugins.PluginManager.doInstallPlugin(PluginManager.java:141)
	at com.eviware.soapui.plugins.PluginManager.access$600(PluginManager.java:43)
	at com.eviware.soapui.plugins.PluginManager$LoadPluginsTask.computeSequentially(PluginManager.java:420)
	at com.eviware.soapui.plugins.PluginManager$LoadPluginsTask.compute(PluginManager.java:377)
	at com.eviware.soapui.plugins.PluginManager$LoadPluginsTask.compute(PluginManager.java:382)
	at com.eviware.soapui.plugins.PluginManager$LoadPluginsTask.compute(PluginManager.java:365)
	at java.util.concurrent.RecursiveTask.exec(Unknown Source)
	at java.util.concurrent.ForkJoinTask.doExec(Unknown Source)
	at java.util.concurrent.ForkJoinPool$WorkQueue.runTask(Unknown Source)
	at java.util.concurrent.ForkJoinPool.runWorker(Unknown Source)
	at java.util.concurrent.ForkJoinWorkerThread.run(Unknown Source)
2021-12-06 16:32:03,310 ERROR [SoapUI] An error occurred [com.eviware.soapui.plugins.auto.factories.AutoDiscoveryMethodFactory], see error log for details
2021-12-06 16:32:03,310 ERROR [errorlog] java.lang.ClassNotFoundException: com.eviware.soapui.plugins.auto.factories.AutoDiscoveryMethodFactory
java.lang.ClassNotFoundException: com.eviware.soapui.plugins.auto.factories.AutoDiscoveryMethodFactory
	at java.net.URLClassLoader.findClass(Unknown Source)
	at java.lang.ClassLoader.loadClass(Unknown Source)
	at sun.misc.Launcher$AppClassLoader.loadClass(Unknown Source)
	at java.lang.ClassLoader.loadClass(Unknown Source)
	at java.lang.Class.forName0(Native Method)
	at java.lang.Class.forName(Unknown Source)
	at com.eviware.soapui.plugins.LoaderBase.loadAutoFactories(LoaderBase.java:113)
	at com.eviware.soapui.plugins.LoaderBase.loadFactories(LoaderBase.java:80)
	at com.eviware.soapui.plugins.PluginLoader.loadPluginFactories(PluginLoader.java:141)
	at com.eviware.soapui.plugins.PluginLoader.loadPlugin(PluginLoader.java:104)
	at com.eviware.soapui.plugins.PluginLoader.loadPlugin(PluginLoader.java:54)
	at com.eviware.soapui.plugins.PluginManager.doInstallPlugin(PluginManager.java:141)
	at com.eviware.soapui.plugins.PluginManager.access$600(PluginManager.java:43)
	at com.eviware.soapui.plugins.PluginManager$LoadPluginsTask.computeSequentially(PluginManager.java:420)
	at com.eviware.soapui.plugins.PluginManager$LoadPluginsTask.compute(PluginManager.java:377)
	at com.eviware.soapui.plugins.PluginManager$LoadPluginsTask.compute(PluginManager.java:365)
	at java.util.concurrent.RecursiveTask.exec(Unknown Source)
	at java.util.concurrent.ForkJoinTask.doExec(Unknown Source)
	at java.util.concurrent.ForkJoinPool$WorkQueue.runTask(Unknown Source)
	at java.util.concurrent.ForkJoinPool.runWorker(Unknown Source)
	at java.util.concurrent.ForkJoinWorkerThread.run(Unknown Source)
2021-12-06 16:32:03,311 ERROR [SoapUI] An error occurred [com.eviware.soapui.plugins.auto.factories.AutoImportMethodFactory], see error log for details
2021-12-06 16:32:03,311 ERROR [errorlog] java.lang.ClassNotFoundException: com.eviware.soapui.plugins.auto.factories.AutoImportMethodFactory
java.lang.ClassNotFoundException: com.eviware.soapui.plugins.auto.factories.AutoImportMethodFactory
	at java.net.URLClassLoader.findClass(Unknown Source)
	at java.lang.ClassLoader.loadClass(Unknown Source)
	at sun.misc.Launcher$AppClassLoader.loadClass(Unknown Source)
	at java.lang.ClassLoader.loadClass(Unknown Source)
	at java.lang.Class.forName0(Native Method)
	at java.lang.Class.forName(Unknown Source)
	at com.eviware.soapui.plugins.LoaderBase.loadAutoFactories(LoaderBase.java:113)
	at com.eviware.soapui.plugins.LoaderBase.loadFactories(LoaderBase.java:80)
	at com.eviware.soapui.plugins.PluginLoader.loadPluginFactories(PluginLoader.java:141)
	at com.eviware.soapui.plugins.PluginLoader.loadPlugin(PluginLoader.java:104)
	at com.eviware.soapui.plugins.PluginLoader.loadPlugin(PluginLoader.java:54)
	at com.eviware.soapui.plugins.PluginManager.doInstallPlugin(PluginManager.java:141)
	at com.eviware.soapui.plugins.PluginManager.access$600(PluginManager.java:43)
	at com.eviware.soapui.plugins.PluginManager$LoadPluginsTask.computeSequentially(PluginManager.java:420)
	at com.eviware.soapui.plugins.PluginManager$LoadPluginsTask.compute(PluginManager.java:377)
	at com.eviware.soapui.plugins.PluginManager$LoadPluginsTask.compute(PluginManager.java:365)
	at java.util.concurrent.RecursiveTask.exec(Unknown Source)
	at java.util.concurrent.ForkJoinTask.doExec(Unknown Source)
	at java.util.concurrent.ForkJoinPool$WorkQueue.runTask(Unknown Source)
	at java.util.concurrent.ForkJoinPool.runWorker(Unknown Source)
	at java.util.concurrent.ForkJoinWorkerThread.run(Unknown Source)
2021-12-06 16:32:03,313 INFO  [PluginManager] 5 plugins loaded in 1783 ms
2021-12-06 16:32:03,313 INFO  [DefaultSoapUICore] All plugins loaded
2021-12-06 16:32:03,497 INFO  [SoapUI] File [D:\Exemple\ExempleWS\test\resources\Exemple-soapui-project.xml] does not exist, trying URL instead
2021-12-06 16:32:03,497 ERROR [SoapUI] An error occurred [unknown protocol: d], see error log for details
2021-12-06 16:32:03,498 ERROR [errorlog] java.net.MalformedURLException: unknown protocol: d
java.net.MalformedURLException: unknown protocol: d
	at java.net.URL.<init>(Unknown Source)
	at java.net.URL.<init>(Unknown Source)
	at java.net.URL.<init>(Unknown Source)
	at com.eviware.soapui.impl.wsdl.WsdlProject.<init>(WsdlProject.java:227)
	at com.eviware.soapui.impl.wsdl.WsdlProject.<init>(WsdlProject.java:194)
	at com.eviware.soapui.impl.wsdl.WsdlProject.<init>(WsdlProject.java:182)
	at org.eql.MyFirstProject.AppTest.JunitTest1(AppTest.java:42)
	at sun.reflect.NativeMethodAccessorImpl.invoke0(Native Method)
	at sun.reflect.NativeMethodAccessorImpl.invoke(Unknown Source)
	at sun.reflect.DelegatingMethodAccessorImpl.invoke(Unknown Source)
	at java.lang.reflect.Method.invoke(Unknown Source)
	at org.junit.runners.model.FrameworkMethod$1.runReflectiveCall(FrameworkMethod.java:59)
	at org.junit.internal.runners.model.ReflectiveCallable.run(ReflectiveCallable.java:12)
	at org.junit.runners.model.FrameworkMethod.invokeExplosively(FrameworkMethod.java:56)
	at org.junit.internal.runners.statements.InvokeMethod.evaluate(InvokeMethod.java:17)
	at org.junit.runners.ParentRunner$3.evaluate(ParentRunner.java:306)
	at org.junit.runners.BlockJUnit4ClassRunner$1.evaluate(BlockJUnit4ClassRunner.java:100)
	at org.junit.runners.ParentRunner.runLeaf(ParentRunner.java:366)
	at org.junit.runners.BlockJUnit4ClassRunner.runChild(BlockJUnit4ClassRunner.java:103)
	at org.junit.runners.BlockJUnit4ClassRunner.runChild(BlockJUnit4ClassRunner.java:63)
	at org.junit.runners.ParentRunner$4.run(ParentRunner.java:331)
	at org.junit.runners.ParentRunner$1.schedule(ParentRunner.java:79)
	at org.junit.runners.ParentRunner.runChildren(ParentRunner.java:329)
	at org.junit.runners.ParentRunner.access$100(ParentRunner.java:66)
	at org.junit.runners.ParentRunner$2.evaluate(ParentRunner.java:293)
	at org.junit.runners.ParentRunner$3.evaluate(ParentRunner.java:306)
	at org.junit.runners.ParentRunner.run(ParentRunner.java:413)
	at org.junit.runners.Suite.runChild(Suite.java:128)
	at org.junit.runners.Suite.runChild(Suite.java:27)
	at org.junit.runners.ParentRunner$4.run(ParentRunner.java:331)
	at org.junit.runners.ParentRunner$1.schedule(ParentRunner.java:79)
	at org.junit.runners.ParentRunner.runChildren(ParentRunner.java:329)
	at org.junit.runners.ParentRunner.access$100(ParentRunner.java:66)
	at org.junit.runners.ParentRunner$2.evaluate(ParentRunner.java:293)
	at org.junit.runners.ParentRunner$3.evaluate(ParentRunner.java:306)
	at org.junit.runners.ParentRunner.run(ParentRunner.java:413)
	at org.apache.maven.surefire.junitcore.JUnitCore.run(JUnitCore.java:55)
	at org.apache.maven.surefire.junitcore.JUnitCoreWrapper.createRequestAndRun(JUnitCoreWrapper.java:137)
	at org.apache.maven.surefire.junitcore.JUnitCoreWrapper.executeEager(JUnitCoreWrapper.java:107)
	at org.apache.maven.surefire.junitcore.JUnitCoreWrapper.execute(JUnitCoreWrapper.java:83)
	at org.apache.maven.surefire.junitcore.JUnitCoreWrapper.execute(JUnitCoreWrapper.java:75)
	at org.apache.maven.surefire.junitcore.JUnitCoreProvider.invoke(JUnitCoreProvider.java:157)
	at org.apache.maven.surefire.booter.ForkedBooter.runSuitesInProcess(ForkedBooter.java:428)
	at org.apache.maven.surefire.booter.ForkedBooter.execute(ForkedBooter.java:162)
	at org.apache.maven.surefire.booter.ForkedBooter.run(ForkedBooter.java:562)
	at org.apache.maven.surefire.booter.ForkedBooter.main(ForkedBooter.java:548)
2021-12-06 16:32:04,354 INFO  [WsdlProject] Loaded project from [file:/C:/Users/formation/Documents/SquashTA-1.10.0-RELEASE-workspace/MyFirstProject/src/test/resources/ProjetNOAA.xml]
2021-12-06 16:32:04,356 INFO  [SoapUITestCaseRunner] Running SoapUI tests in project [ndfdXML]
2021-12-06 16:32:04,356 INFO  [SoapUITestCaseRunner] Running Project [ndfdXML], runType = SEQUENTIAL
2021-12-06 16:32:04,365 INFO  [SoapUITestCaseRunner] Running SoapUI testcase [TestCase 1]
2021-12-06 16:32:04,370 INFO  [SoapUITestCaseRunner] running step [LatLonListZipCode - Request 1]
2021-12-06 16:32:05,274 INFO  [SoapUITestCaseRunner] Assertion [SOAP Response] has status FAILED
2021-12-06 16:32:05,274 ERROR [SoapUITestCaseRunner] ASSERTION FAILED -> error: Illegal XML character: 0x1f
org.apache.xmlbeans.impl.piccolo.io.IllegalCharException: Illegal XML character: 0x1f
	at org.apache.xmlbeans.impl.piccolo.xml.XMLReaderReader.read(XMLReaderReader.java:169)
	at org.apache.xmlbeans.impl.piccolo.xml.PiccoloLexer.yy_refill(PiccoloLexer.java:3477)
	at org.apache.xmlbeans.impl.piccolo.xml.PiccoloLexer.yylex(PiccoloLexer.java:3962)
	at org.apache.xmlbeans.impl.piccolo.xml.Piccolo.yylex(Piccolo.java:1290)
	at org.apache.xmlbeans.impl.piccolo.xml.Piccolo.yyparse(Piccolo.java:1400)
	at org.apache.xmlbeans.impl.piccolo.xml.Piccolo.parse(Piccolo.java:714)
	at org.apache.xmlbeans.impl.store.Locale$SaxLoader.load(Locale.java:3479)
	at org.apache.xmlbeans.impl.store.Locale.parse(Locale.java:713)
	at org.apache.xmlbeans.impl.store.Locale.parseToXmlObject(Locale.java:697)
	at org.apache.xmlbeans.impl.store.Locale.parseToXmlObject(Locale.java:684)
	at org.apache.xmlbeans.impl.schema.SchemaTypeLoaderBase.parse(SchemaTypeLoaderBase.java:208)
	at com.eviware.soapui.impl.wsdl.support.soap.AbstractSoapVersion.validateSoapEnvelope(AbstractSoapVersion.java:50)
	at com.eviware.soapui.impl.wsdl.support.wsdl.WsdlValidator.assertResponse(WsdlValidator.java:509)
	at com.eviware.soapui.impl.wsdl.teststeps.assertions.soap.SoapResponseAssertion.internalAssertResponse(SoapResponseAssertion.java:59)
	at com.eviware.soapui.impl.wsdl.teststeps.WsdlMessageAssertion.assertResponse(WsdlMessageAssertion.java:150)
	at com.eviware.soapui.impl.wsdl.teststeps.WsdlTestRequest.assertResponse(WsdlTestRequest.java:175)
	at com.eviware.soapui.impl.wsdl.teststeps.WsdlTestRequest.setResponse(WsdlTestRequest.java:152)
	at com.eviware.soapui.impl.wsdl.teststeps.WsdlTestRequestStep.run(WsdlTestRequestStep.java:380)
	at com.eviware.soapui.impl.wsdl.support.AbstractTestCaseRunner.runTestStep(AbstractTestCaseRunner.java:211)
	at com.eviware.soapui.impl.wsdl.testcase.WsdlTestCaseRunner.runCurrentTestStep(WsdlTestCaseRunner.java:47)
	at com.eviware.soapui.impl.wsdl.support.AbstractTestCaseRunner.internalRun(AbstractTestCaseRunner.java:138)
	at com.eviware.soapui.impl.wsdl.support.AbstractTestCaseRunner.internalRun(AbstractTestCaseRunner.java:46)
	at com.eviware.soapui.impl.wsdl.support.AbstractTestRunner.run(AbstractTestRunner.java:128)
	at java.util.concurrent.Executors$RunnableAdapter.call(Unknown Source)
	at java.util.concurrent.FutureTask.run(Unknown Source)
	at java.util.concurrent.ThreadPoolExecutor.runWorker(Unknown Source)
	at java.util.concurrent.ThreadPoolExecutor$Worker.run(Unknown Source)
	at java.lang.Thread.run(Unknown Source)

2021-12-06 16:32:05,275 ERROR [SoapUITestCaseRunner] ASSERTION FAILED -> Illegal XML character: 0x1f
org.apache.xmlbeans.impl.piccolo.io.IllegalCharException: Illegal XML character: 0x1f
	at org.apache.xmlbeans.impl.piccolo.xml.XMLReaderReader.read(XMLReaderReader.java:169)
	at org.apache.xmlbeans.impl.piccolo.xml.PiccoloLexer.yy_refill(PiccoloLexer.java:3477)
	at org.apache.xmlbeans.impl.piccolo.xml.PiccoloLexer.yylex(PiccoloLexer.java:3962)
	at org.apache.xmlbeans.impl.piccolo.xml.Piccolo.yylex(Piccolo.java:1290)
	at org.apache.xmlbeans.impl.piccolo.xml.Piccolo.yyparse(Piccolo.java:1400)
	at org.apache.xmlbeans.impl.piccolo.xml.Piccolo.parse(Piccolo.java:714)
	at org.apache.xmlbeans.impl.store.Locale$SaxLoader.load(Locale.java:3479)
	at org.apache.xmlbeans.impl.store.Locale.parse(Locale.java:713)
	at org.apache.xmlbeans.impl.store.Locale.parseToXmlObject(Locale.java:697)
	at org.apache.xmlbeans.impl.store.Locale.parseToXmlObject(Locale.java:684)
	at org.apache.xmlbeans.impl.schema.SchemaTypeLoaderBase.parse(SchemaTypeLoaderBase.java:208)
	at com.eviware.soapui.impl.wsdl.support.soap.AbstractSoapVersion.validateSoapEnvelope(AbstractSoapVersion.java:50)
	at com.eviware.soapui.impl.wsdl.support.wsdl.WsdlValidator.assertResponse(WsdlValidator.java:509)
	at com.eviware.soapui.impl.wsdl.teststeps.assertions.soap.SoapResponseAssertion.internalAssertResponse(SoapResponseAssertion.java:59)
	at com.eviware.soapui.impl.wsdl.teststeps.WsdlMessageAssertion.assertResponse(WsdlMessageAssertion.java:150)
	at com.eviware.soapui.impl.wsdl.teststeps.WsdlTestRequest.assertResponse(WsdlTestRequest.java:175)
	at com.eviware.soapui.impl.wsdl.teststeps.WsdlTestRequest.setResponse(WsdlTestRequest.java:152)
	at com.eviware.soapui.impl.wsdl.teststeps.WsdlTestRequestStep.run(WsdlTestRequestStep.java:380)
	at com.eviware.soapui.impl.wsdl.support.AbstractTestCaseRunner.runTestStep(AbstractTestCaseRunner.java:211)
	at com.eviware.soapui.impl.wsdl.testcase.WsdlTestCaseRunner.runCurrentTestStep(WsdlTestCaseRunner.java:47)
	at com.eviware.soapui.impl.wsdl.support.AbstractTestCaseRunner.internalRun(AbstractTestCaseRunner.java:138)
	at com.eviware.soapui.impl.wsdl.support.AbstractTestCaseRunner.internalRun(AbstractTestCaseRunner.java:46)
	at com.eviware.soapui.impl.wsdl.support.AbstractTestRunner.run(AbstractTestRunner.java:128)
	at java.util.concurrent.Executors$RunnableAdapter.call(Unknown Source)
	at java.util.concurrent.FutureTask.run(Unknown Source)
	at java.util.concurrent.ThreadPoolExecutor.runWorker(Unknown Source)
	at java.util.concurrent.ThreadPoolExecutor$Worker.run(Unknown Source)
	at java.lang.Thread.run(Unknown Source)

2021-12-06 16:32:05,275 INFO  [SoapUITestCaseRunner] Assertion [Not SOAP Fault] has status VALID
2021-12-06 16:32:05,275 INFO  [SoapUITestCaseRunner] Assertion [Lati] has status FAILED
2021-12-06 16:32:05,275 ERROR [SoapUITestCaseRunner] ASSERTION FAILED -> Missing token [40.7198] in Response
2021-12-06 16:32:05,275 INFO  [SoapUITestCaseRunner] Assertion [Longi] has status FAILED
2021-12-06 16:32:05,276 ERROR [SoapUITestCaseRunner] ASSERTION FAILED -> Missing token [-73.993] in Response
2021-12-06 16:32:05,276 ERROR [SoapUITestCaseRunner] LatLonListZipCode - Request 1 failed, exporting to [C:\Users\formation\Documents\SquashTA-1.10.0-RELEASE-workspace\MyFirstProject\TestSuite_1-TestCase_1-LatLonListZipCode__Request_1-0-FAILED.txt]
2021-12-06 16:32:05,288 INFO  [SoapUITestCaseRunner] Finished running SoapUI testcase [TestCase 1], time taken: 899ms, status: FAILED
2021-12-06 16:32:05,288 INFO  [SoapUITestCaseRunner] Running SoapUI testcase [TestCase 2]
2021-12-06 16:32:05,290 INFO  [SoapUITestCaseRunner] running step [Groovy Script]
2021-12-06 16:32:05,570 INFO  [log] Chargement des propriétés à partir di fichier testprops.txt
2021-12-06 16:32:05,579 ERROR [SoapUI] An error occurred [C:\Users\formation\Documents\EQL\TPGroovy\testprops.txt (Le chemin d’accès spécifié est introuvable)], see error log for details
2021-12-06 16:32:05,579 ERROR [errorlog] java.io.FileNotFoundException: C:\Users\formation\Documents\EQL\TPGroovy\testprops.txt (Le chemin d’accès spécifié est introuvable)
java.io.FileNotFoundException: C:\Users\formation\Documents\EQL\TPGroovy\testprops.txt (Le chemin d’accès spécifié est introuvable)
	at java.io.FileInputStream.open0(Native Method)
	at java.io.FileInputStream.open(Unknown Source)
	at java.io.FileInputStream.<init>(Unknown Source)
	at java.io.FileInputStream.<init>(Unknown Source)
	at sun.reflect.NativeConstructorAccessorImpl.newInstance0(Native Method)
	at sun.reflect.NativeConstructorAccessorImpl.newInstance(Unknown Source)
	at sun.reflect.DelegatingConstructorAccessorImpl.newInstance(Unknown Source)
	at java.lang.reflect.Constructor.newInstance(Unknown Source)
	at org.codehaus.groovy.reflection.CachedConstructor.invoke(CachedConstructor.java:80)
	at org.codehaus.groovy.runtime.callsite.ConstructorSite$ConstructorSiteNoUnwrapNoCoerce.callConstructor(ConstructorSite.java:105)
	at org.codehaus.groovy.runtime.callsite.CallSiteArray.defaultCallConstructor(CallSiteArray.java:60)
	at org.codehaus.groovy.runtime.callsite.AbstractCallSite.callConstructor(AbstractCallSite.java:235)
	at org.codehaus.groovy.runtime.callsite.AbstractCallSite.callConstructor(AbstractCallSite.java:247)
	at Script1.run(Script1.groovy:3)
	at com.eviware.soapui.support.scripting.groovy.SoapUIGroovyScriptEngine.run(SoapUIGroovyScriptEngine.java:90)
	at com.eviware.soapui.impl.wsdl.teststeps.WsdlGroovyScriptTestStep.run(WsdlGroovyScriptTestStep.java:141)
	at com.eviware.soapui.impl.wsdl.support.AbstractTestCaseRunner.runTestStep(AbstractTestCaseRunner.java:211)
	at com.eviware.soapui.impl.wsdl.testcase.WsdlTestCaseRunner.runCurrentTestStep(WsdlTestCaseRunner.java:47)
	at com.eviware.soapui.impl.wsdl.support.AbstractTestCaseRunner.internalRun(AbstractTestCaseRunner.java:138)
	at com.eviware.soapui.impl.wsdl.support.AbstractTestCaseRunner.internalRun(AbstractTestCaseRunner.java:46)
	at com.eviware.soapui.impl.wsdl.support.AbstractTestRunner.run(AbstractTestRunner.java:128)
	at java.util.concurrent.Executors$RunnableAdapter.call(Unknown Source)
	at java.util.concurrent.FutureTask.run(Unknown Source)
	at java.util.concurrent.ThreadPoolExecutor.runWorker(Unknown Source)
	at java.util.concurrent.ThreadPoolExecutor$Worker.run(Unknown Source)
	at java.lang.Thread.run(Unknown Source)
2021-12-06 16:32:05,580 ERROR [SoapUITestCaseRunner] Groovy Script failed, exporting to [C:\Users\formation\Documents\SquashTA-1.10.0-RELEASE-workspace\MyFirstProject\TestSuite_1-TestCase_2-Groovy_Script-0-FAILED.txt]
2021-12-06 16:32:05,580 INFO  [SoapUITestCaseRunner] Finished running SoapUI testcase [TestCase 2], time taken: 288ms, status: FAILED
2021-12-06 16:32:05,581 INFO  [SoapUITestCaseRunner] Running SoapUI testcase [TestCase 1]
2021-12-06 16:32:05,582 INFO  [SoapUITestCaseRunner] running step [Properties]
2021-12-06 16:32:05,587 INFO  [SoapUITestCaseRunner] running step [LatLonListCityNames - Request 1]
2021-12-06 16:32:06,218 INFO  [SoapUITestCaseRunner] Assertion [SOAP Response] has status FAILED
2021-12-06 16:32:06,218 ERROR [SoapUITestCaseRunner] ASSERTION FAILED -> error: Illegal XML character: 0x1f
org.apache.xmlbeans.impl.piccolo.io.IllegalCharException: Illegal XML character: 0x1f
	at org.apache.xmlbeans.impl.piccolo.xml.XMLReaderReader.read(XMLReaderReader.java:169)
	at org.apache.xmlbeans.impl.piccolo.xml.PiccoloLexer.yy_refill(PiccoloLexer.java:3477)
	at org.apache.xmlbeans.impl.piccolo.xml.PiccoloLexer.yylex(PiccoloLexer.java:3962)
	at org.apache.xmlbeans.impl.piccolo.xml.Piccolo.yylex(Piccolo.java:1290)
	at org.apache.xmlbeans.impl.piccolo.xml.Piccolo.yyparse(Piccolo.java:1400)
	at org.apache.xmlbeans.impl.piccolo.xml.Piccolo.parse(Piccolo.java:714)
	at org.apache.xmlbeans.impl.store.Locale$SaxLoader.load(Locale.java:3479)
	at org.apache.xmlbeans.impl.store.Locale.parse(Locale.java:713)
	at org.apache.xmlbeans.impl.store.Locale.parseToXmlObject(Locale.java:697)
	at org.apache.xmlbeans.impl.store.Locale.parseToXmlObject(Locale.java:684)
	at org.apache.xmlbeans.impl.schema.SchemaTypeLoaderBase.parse(SchemaTypeLoaderBase.java:208)
	at com.eviware.soapui.impl.wsdl.support.soap.AbstractSoapVersion.validateSoapEnvelope(AbstractSoapVersion.java:50)
	at com.eviware.soapui.impl.wsdl.support.wsdl.WsdlValidator.assertResponse(WsdlValidator.java:509)
	at com.eviware.soapui.impl.wsdl.teststeps.assertions.soap.SoapResponseAssertion.internalAssertResponse(SoapResponseAssertion.java:59)
	at com.eviware.soapui.impl.wsdl.teststeps.WsdlMessageAssertion.assertResponse(WsdlMessageAssertion.java:150)
	at com.eviware.soapui.impl.wsdl.teststeps.WsdlTestRequest.assertResponse(WsdlTestRequest.java:175)
	at com.eviware.soapui.impl.wsdl.teststeps.WsdlTestRequest.setResponse(WsdlTestRequest.java:152)
	at com.eviware.soapui.impl.wsdl.teststeps.WsdlTestRequestStep.run(WsdlTestRequestStep.java:380)
	at com.eviware.soapui.impl.wsdl.support.AbstractTestCaseRunner.runTestStep(AbstractTestCaseRunner.java:211)
	at com.eviware.soapui.impl.wsdl.testcase.WsdlTestCaseRunner.runCurrentTestStep(WsdlTestCaseRunner.java:47)
	at com.eviware.soapui.impl.wsdl.support.AbstractTestCaseRunner.internalRun(AbstractTestCaseRunner.java:138)
	at com.eviware.soapui.impl.wsdl.support.AbstractTestCaseRunner.internalRun(AbstractTestCaseRunner.java:46)
	at com.eviware.soapui.impl.wsdl.support.AbstractTestRunner.run(AbstractTestRunner.java:128)
	at java.util.concurrent.Executors$RunnableAdapter.call(Unknown Source)
	at java.util.concurrent.FutureTask.run(Unknown Source)
	at java.util.concurrent.ThreadPoolExecutor.runWorker(Unknown Source)
	at java.util.concurrent.ThreadPoolExecutor$Worker.run(Unknown Source)
	at java.lang.Thread.run(Unknown Source)

2021-12-06 16:32:06,218 ERROR [SoapUITestCaseRunner] ASSERTION FAILED -> Illegal XML character: 0x1f
org.apache.xmlbeans.impl.piccolo.io.IllegalCharException: Illegal XML character: 0x1f
	at org.apache.xmlbeans.impl.piccolo.xml.XMLReaderReader.read(XMLReaderReader.java:169)
	at org.apache.xmlbeans.impl.piccolo.xml.PiccoloLexer.yy_refill(PiccoloLexer.java:3477)
	at org.apache.xmlbeans.impl.piccolo.xml.PiccoloLexer.yylex(PiccoloLexer.java:3962)
	at org.apache.xmlbeans.impl.piccolo.xml.Piccolo.yylex(Piccolo.java:1290)
	at org.apache.xmlbeans.impl.piccolo.xml.Piccolo.yyparse(Piccolo.java:1400)
	at org.apache.xmlbeans.impl.piccolo.xml.Piccolo.parse(Piccolo.java:714)
	at org.apache.xmlbeans.impl.store.Locale$SaxLoader.load(Locale.java:3479)
	at org.apache.xmlbeans.impl.store.Locale.parse(Locale.java:713)
	at org.apache.xmlbeans.impl.store.Locale.parseToXmlObject(Locale.java:697)
	at org.apache.xmlbeans.impl.store.Locale.parseToXmlObject(Locale.java:684)
	at org.apache.xmlbeans.impl.schema.SchemaTypeLoaderBase.parse(SchemaTypeLoaderBase.java:208)
	at com.eviware.soapui.impl.wsdl.support.soap.AbstractSoapVersion.validateSoapEnvelope(AbstractSoapVersion.java:50)
	at com.eviware.soapui.impl.wsdl.support.wsdl.WsdlValidator.assertResponse(WsdlValidator.java:509)
	at com.eviware.soapui.impl.wsdl.teststeps.assertions.soap.SoapResponseAssertion.internalAssertResponse(SoapResponseAssertion.java:59)
	at com.eviware.soapui.impl.wsdl.teststeps.WsdlMessageAssertion.assertResponse(WsdlMessageAssertion.java:150)
	at com.eviware.soapui.impl.wsdl.teststeps.WsdlTestRequest.assertResponse(WsdlTestRequest.java:175)
	at com.eviware.soapui.impl.wsdl.teststeps.WsdlTestRequest.setResponse(WsdlTestRequest.java:152)
	at com.eviware.soapui.impl.wsdl.teststeps.WsdlTestRequestStep.run(WsdlTestRequestStep.java:380)
	at com.eviware.soapui.impl.wsdl.support.AbstractTestCaseRunner.runTestStep(AbstractTestCaseRunner.java:211)
	at com.eviware.soapui.impl.wsdl.testcase.WsdlTestCaseRunner.runCurrentTestStep(WsdlTestCaseRunner.java:47)
	at com.eviware.soapui.impl.wsdl.support.AbstractTestCaseRunner.internalRun(AbstractTestCaseRunner.java:138)
	at com.eviware.soapui.impl.wsdl.support.AbstractTestCaseRunner.internalRun(AbstractTestCaseRunner.java:46)
	at com.eviware.soapui.impl.wsdl.support.AbstractTestRunner.run(AbstractTestRunner.java:128)
	at java.util.concurrent.Executors$RunnableAdapter.call(Unknown Source)
	at java.util.concurrent.FutureTask.run(Unknown Source)
	at java.util.concurrent.ThreadPoolExecutor.runWorker(Unknown Source)
	at java.util.concurrent.ThreadPoolExecutor$Worker.run(Unknown Source)
	at java.lang.Thread.run(Unknown Source)

2021-12-06 16:32:06,218 INFO  [SoapUITestCaseRunner] Assertion [Not SOAP Fault] has status VALID
2021-12-06 16:32:06,218 ERROR [SoapUITestCaseRunner] LatLonListCityNames - Request 1 failed, exporting to [C:\Users\formation\Documents\SquashTA-1.10.0-RELEASE-workspace\MyFirstProject\TestSuite_2-TestCase_1-LatLonListCityNames__Request_1-0-FAILED.txt]
2021-12-06 16:32:06,221 INFO  [SoapUITestCaseRunner] Finished running SoapUI testcase [TestCase 1], time taken: 634ms, status: FAILED
2021-12-06 16:32:06,222 INFO  [SoapUITestCaseRunner] Running SoapUI testcase [TestCase 1]
2021-12-06 16:32:06,222 INFO  [SoapUITestCaseRunner] running step [Properties]
2021-12-06 16:32:06,223 INFO  [SoapUITestCaseRunner] running step [LatLonListCityNames - Request 1]
2021-12-06 16:32:06,880 INFO  [SoapUITestCaseRunner] Assertion [SOAP Response] has status FAILED
2021-12-06 16:32:06,880 ERROR [SoapUITestCaseRunner] ASSERTION FAILED -> error: Illegal XML character: 0x1f
org.apache.xmlbeans.impl.piccolo.io.IllegalCharException: Illegal XML character: 0x1f
	at org.apache.xmlbeans.impl.piccolo.xml.XMLReaderReader.read(XMLReaderReader.java:169)
	at org.apache.xmlbeans.impl.piccolo.xml.PiccoloLexer.yy_refill(PiccoloLexer.java:3477)
	at org.apache.xmlbeans.impl.piccolo.xml.PiccoloLexer.yylex(PiccoloLexer.java:3962)
	at org.apache.xmlbeans.impl.piccolo.xml.Piccolo.yylex(Piccolo.java:1290)
	at org.apache.xmlbeans.impl.piccolo.xml.Piccolo.yyparse(Piccolo.java:1400)
	at org.apache.xmlbeans.impl.piccolo.xml.Piccolo.parse(Piccolo.java:714)
	at org.apache.xmlbeans.impl.store.Locale$SaxLoader.load(Locale.java:3479)
	at org.apache.xmlbeans.impl.store.Locale.parse(Locale.java:713)
	at org.apache.xmlbeans.impl.store.Locale.parseToXmlObject(Locale.java:697)
	at org.apache.xmlbeans.impl.store.Locale.parseToXmlObject(Locale.java:684)
	at org.apache.xmlbeans.impl.schema.SchemaTypeLoaderBase.parse(SchemaTypeLoaderBase.java:208)
	at com.eviware.soapui.impl.wsdl.support.soap.AbstractSoapVersion.validateSoapEnvelope(AbstractSoapVersion.java:50)
	at com.eviware.soapui.impl.wsdl.support.wsdl.WsdlValidator.assertResponse(WsdlValidator.java:509)
	at com.eviware.soapui.impl.wsdl.teststeps.assertions.soap.SoapResponseAssertion.internalAssertResponse(SoapResponseAssertion.java:59)
	at com.eviware.soapui.impl.wsdl.teststeps.WsdlMessageAssertion.assertResponse(WsdlMessageAssertion.java:150)
	at com.eviware.soapui.impl.wsdl.teststeps.WsdlTestRequest.assertResponse(WsdlTestRequest.java:175)
	at com.eviware.soapui.impl.wsdl.teststeps.WsdlTestRequest.setResponse(WsdlTestRequest.java:152)
	at com.eviware.soapui.impl.wsdl.teststeps.WsdlTestRequestStep.run(WsdlTestRequestStep.java:380)
	at com.eviware.soapui.impl.wsdl.support.AbstractTestCaseRunner.runTestStep(AbstractTestCaseRunner.java:211)
	at com.eviware.soapui.impl.wsdl.testcase.WsdlTestCaseRunner.runCurrentTestStep(WsdlTestCaseRunner.java:47)
	at com.eviware.soapui.impl.wsdl.support.AbstractTestCaseRunner.internalRun(AbstractTestCaseRunner.java:138)
	at com.eviware.soapui.impl.wsdl.support.AbstractTestCaseRunner.internalRun(AbstractTestCaseRunner.java:46)
	at com.eviware.soapui.impl.wsdl.support.AbstractTestRunner.run(AbstractTestRunner.java:128)
	at java.util.concurrent.Executors$RunnableAdapter.call(Unknown Source)
	at java.util.concurrent.FutureTask.run(Unknown Source)
	at java.util.concurrent.ThreadPoolExecutor.runWorker(Unknown Source)
	at java.util.concurrent.ThreadPoolExecutor$Worker.run(Unknown Source)
	at java.lang.Thread.run(Unknown Source)

2021-12-06 16:32:06,881 ERROR [SoapUITestCaseRunner] ASSERTION FAILED -> Illegal XML character: 0x1f
org.apache.xmlbeans.impl.piccolo.io.IllegalCharException: Illegal XML character: 0x1f
	at org.apache.xmlbeans.impl.piccolo.xml.XMLReaderReader.read(XMLReaderReader.java:169)
	at org.apache.xmlbeans.impl.piccolo.xml.PiccoloLexer.yy_refill(PiccoloLexer.java:3477)
	at org.apache.xmlbeans.impl.piccolo.xml.PiccoloLexer.yylex(PiccoloLexer.java:3962)
	at org.apache.xmlbeans.impl.piccolo.xml.Piccolo.yylex(Piccolo.java:1290)
	at org.apache.xmlbeans.impl.piccolo.xml.Piccolo.yyparse(Piccolo.java:1400)
	at org.apache.xmlbeans.impl.piccolo.xml.Piccolo.parse(Piccolo.java:714)
	at org.apache.xmlbeans.impl.store.Locale$SaxLoader.load(Locale.java:3479)
	at org.apache.xmlbeans.impl.store.Locale.parse(Locale.java:713)
	at org.apache.xmlbeans.impl.store.Locale.parseToXmlObject(Locale.java:697)
	at org.apache.xmlbeans.impl.store.Locale.parseToXmlObject(Locale.java:684)
	at org.apache.xmlbeans.impl.schema.SchemaTypeLoaderBase.parse(SchemaTypeLoaderBase.java:208)
	at com.eviware.soapui.impl.wsdl.support.soap.AbstractSoapVersion.validateSoapEnvelope(AbstractSoapVersion.java:50)
	at com.eviware.soapui.impl.wsdl.support.wsdl.WsdlValidator.assertResponse(WsdlValidator.java:509)
	at com.eviware.soapui.impl.wsdl.teststeps.assertions.soap.SoapResponseAssertion.internalAssertResponse(SoapResponseAssertion.java:59)
	at com.eviware.soapui.impl.wsdl.teststeps.WsdlMessageAssertion.assertResponse(WsdlMessageAssertion.java:150)
	at com.eviware.soapui.impl.wsdl.teststeps.WsdlTestRequest.assertResponse(WsdlTestRequest.java:175)
	at com.eviware.soapui.impl.wsdl.teststeps.WsdlTestRequest.setResponse(WsdlTestRequest.java:152)
	at com.eviware.soapui.impl.wsdl.teststeps.WsdlTestRequestStep.run(WsdlTestRequestStep.java:380)
	at com.eviware.soapui.impl.wsdl.support.AbstractTestCaseRunner.runTestStep(AbstractTestCaseRunner.java:211)
	at com.eviware.soapui.impl.wsdl.testcase.WsdlTestCaseRunner.runCurrentTestStep(WsdlTestCaseRunner.java:47)
	at com.eviware.soapui.impl.wsdl.support.AbstractTestCaseRunner.internalRun(AbstractTestCaseRunner.java:138)
	at com.eviware.soapui.impl.wsdl.support.AbstractTestCaseRunner.internalRun(AbstractTestCaseRunner.java:46)
	at com.eviware.soapui.impl.wsdl.support.AbstractTestRunner.run(AbstractTestRunner.java:128)
	at java.util.concurrent.Executors$RunnableAdapter.call(Unknown Source)
	at java.util.concurrent.FutureTask.run(Unknown Source)
	at java.util.concurrent.ThreadPoolExecutor.runWorker(Unknown Source)
	at java.util.concurrent.ThreadPoolExecutor$Worker.run(Unknown Source)
	at java.lang.Thread.run(Unknown Source)

2021-12-06 16:32:06,881 INFO  [SoapUITestCaseRunner] Assertion [Not SOAP Fault] has status VALID
2021-12-06 16:32:06,881 ERROR [SoapUITestCaseRunner] LatLonListCityNames - Request 1 failed, exporting to [C:\Users\formation\Documents\SquashTA-1.10.0-RELEASE-workspace\MyFirstProject\Copy_of_TestSuite_1-TestCase_1-LatLonListCityNames__Request_1-0-FAILED.txt]
2021-12-06 16:32:06,883 INFO  [SoapUITestCaseRunner] Finished running SoapUI testcase [TestCase 1], time taken: 656ms, status: FAILED
2021-12-06 16:32:06,884 INFO  [SoapUITestCaseRunner] Project [ndfdXML] finished with status [FAILED] in 2525ms
2021-12-06 16:32:06,961 WARN  [Tools] Could not delete temporary directory C:\Users\FORMAT~1\AppData\Local\Temp\17a3f63c-a32b-4991-be9a-1cec966ef12d
2021-12-06 16:32:06,968 WARN  [Tools] Could not delete temporary directory C:\Users\FORMAT~1\AppData\Local\Temp\9050ec80-3ed4-4282-9dca-19142161e27d
